# JRE version: OpenJDK Runtime Environment (21.0.9) (build 21.0.9+-14787801-b1163.94)
# Java VM: OpenJDK 64-Bit Server VM (21.0.9+-14787801-b1163.94, mixed mode, tiered, compressed oops, compressed class ptrs, g1 gc, windows-amd64)
GC Precious Log:
 CardTable entry size: 512
 Card Set container configuration: InlinePtr #cards 5 size 8 Array Of Cards #cards 12 size 40 Howl #buckets 4 coarsen threshold 1843 Howl Bitmap #cards 512 size 80 coarsen threshold 460 Card regions per heap region 1 cards per card region 2048
 CPUs: 8 total, 8 available
 Memory: 7973M
 Large Page Support: Disabled
 NUMA Support: Disabled
 Compressed Oops: Enabled (32-bit)
 Heap Region Size: 1M
 Heap Min Capacity: 8M
 Heap Initial Capacity: 126M
 Heap Max Capacity: 2G
 Pre-touch: Disabled
 Parallel Workers: 8
 Concurrent Workers: 2
 Concurrent Refinement Workers: 8
 Periodic GC: Disabled
Heap:
 garbage-first heap   total 227328K, used 121782K [0x0000000080000000, 0x0000000100000000)
  region size 1024K, 4 young (4096K), 4 survivors (4096K)
 Metaspace       used 116565K, committed 118976K, reserved 1179648K
  class space    used 16611K, committed 17792K, reserved 1048576K
GC Heap History (20 events):
Event: 36.635 GC heap after
{Heap after GC invocations=61 (full 0):
 garbage-first heap   total 189440K, used 114516K [0x0000000080000000, 0x0000000100000000)
  region size 1024K, 4 young (4096K), 4 survivors (4096K)
 Metaspace       used 112837K, committed 115200K, reserved 1179648K
  class space    used 16123K, committed 17280K, reserved 1048576K
}
Event: 36.896 GC heap before
{Heap before GC invocations=61 (full 0):
 garbage-first heap   total 189440K, used 176980K [0x0000000080000000, 0x0000000100000000)
  region size 1024K, 66 young (67584K), 4 survivors (4096K)
 Metaspace       used 112844K, committed 115200K, reserved 1179648K
  class space    used 16123K, committed 17280K, reserved 1048576K
}
Event: 36.902 GC heap after
{Heap after GC invocations=62 (full 0):
 garbage-first heap   total 189440K, used 113730K [0x0000000080000000, 0x0000000100000000)
  region size 1024K, 5 young (5120K), 5 survivors (5120K)
 Metaspace       used 112844K, committed 115200K, reserved 1179648K
  class space    used 16123K, committed 17280K, reserved 1048576K
}
Event: 37.166 GC heap before
{Heap before GC invocations=62 (full 0):
 garbage-first heap   total 189440K, used 177218K [0x0000000080000000, 0x0000000100000000)
  region size 1024K, 68 young (69632K), 5 survivors (5120K)
 Metaspace       used 112914K, committed 115264K, reserved 1179648K
  class space    used 16130K, committed 17280K, reserved 1048576K
}
Event: 37.171 GC heap after
{Heap after GC invocations=63 (full 0):
 garbage-first heap   total 189440K, used 114417K [0x0000000080000000, 0x0000000100000000)
  region size 1024K, 5 young (5120K), 5 survivors (5120K)
 Metaspace       used 112914K, committed 115264K, reserved 1179648K
  class space    used 16130K, committed 17280K, reserved 1048576K
}
Event: 37.331 GC heap before
{Heap before GC invocations=63 (full 0):
 garbage-first heap   total 189440K, used 177905K [0x0000000080000000, 0x0000000100000000)
  region size 1024K, 68 young (69632K), 5 survivors (5120K)
 Metaspace       used 112915K, committed 115264K, reserved 1179648K
  class space    used 16130K, committed 17280K, reserved 1048576K
}
Event: 37.338 GC heap after
{Heap after GC invocations=64 (full 0):
 garbage-first heap   total 227328K, used 114994K [0x0000000080000000, 0x0000000100000000)
  region size 1024K, 5 young (5120K), 5 survivors (5120K)
 Metaspace       used 112915K, committed 115264K, reserved 1179648K
  class space    used 16130K, committed 17280K, reserved 1048576K
}
Event: 38.586 GC heap before
{Heap before GC invocations=65 (full 0):
 garbage-first heap   total 227328K, used 213298K [0x0000000080000000, 0x0000000100000000)
  region size 1024K, 102 young (104448K), 5 survivors (5120K)
 Metaspace       used 116022K, committed 118400K, reserved 1179648K
  class space    used 16520K, committed 17664K, reserved 1048576K
}
Event: 38.594 GC heap after
{Heap after GC invocations=66 (full 0):
 garbage-first heap   total 227328K, used 118844K [0x0000000080000000, 0x0000000100000000)
  region size 1024K, 9 young (9216K), 9 survivors (9216K)
 Metaspace       used 116022K, committed 118400K, reserved 1179648K
  class space    used 16520K, committed 17664K, reserved 1048576K
}
Event: 38.884 GC heap before
{Heap before GC invocations=66 (full 0):
 garbage-first heap   total 227328K, used 211004K [0x0000000080000000, 0x0000000100000000)
  region size 1024K, 99 young (101376K), 9 survivors (9216K)
 Metaspace       used 116387K, committed 118784K, reserved 1179648K
  class space    used 16583K, committed 17728K, reserved 1048576K
}
Event: 38.895 GC heap after
{Heap after GC invocations=67 (full 0):
 garbage-first heap   total 227328K, used 119242K [0x0000000080000000, 0x0000000100000000)
  region size 1024K, 8 young (8192K), 8 survivors (8192K)
 Metaspace       used 116387K, committed 118784K, reserved 1179648K
  class space    used 16583K, committed 17728K, reserved 1048576K
}
Event: 39.157 GC heap before
{Heap before GC invocations=67 (full 0):
 garbage-first heap   total 227328K, used 214474K [0x0000000080000000, 0x0000000100000000)
  region size 1024K, 101 young (103424K), 8 survivors (8192K)
 Metaspace       used 116522K, committed 118912K, reserved 1179648K
  class space    used 16608K, committed 17792K, reserved 1048576K
}
Event: 39.166 GC heap after
{Heap after GC invocations=68 (full 0):
 garbage-first heap   total 227328K, used 120036K [0x0000000080000000, 0x0000000100000000)
  region size 1024K, 8 young (8192K), 8 survivors (8192K)
 Metaspace       used 116522K, committed 118912K, reserved 1179648K
  class space    used 16608K, committed 17792K, reserved 1048576K
}
Event: 39.365 GC heap before
{Heap before GC invocations=68 (full 0):
 garbage-first heap   total 227328K, used 212196K [0x0000000080000000, 0x0000000100000000)
  region size 1024K, 99 young (101376K), 8 survivors (8192K)
 Metaspace       used 116522K, committed 118912K, reserved 1179648K
  class space    used 16608K, committed 17792K, reserved 1048576K
}
Event: 39.372 GC heap after
{Heap after GC invocations=69 (full 0):
 garbage-first heap   total 227328K, used 120394K [0x0000000080000000, 0x0000000100000000)
  region size 1024K, 8 young (8192K), 8 survivors (8192K)
 Metaspace       used 116522K, committed 118912K, reserved 1179648K
  class space    used 16608K, committed 17792K, reserved 1048576K
}
Event: 39.634 GC heap before
{Heap before GC invocations=70 (full 0):
 garbage-first heap   total 227328K, used 213578K [0x0000000080000000, 0x0000000100000000)
  region size 1024K, 99 young (101376K), 8 survivors (8192K)
 Metaspace       used 116565K, committed 118976K, reserved 1179648K
  class space    used 16611K, committed 17792K, reserved 1048576K
}
Event: 39.642 GC heap after
{Heap after GC invocations=71 (full 0):
 garbage-first heap   total 227328K, used 120923K [0x0000000080000000, 0x0000000100000000)
  region size 1024K, 8 young (8192K), 8 survivors (8192K)
 Metaspace       used 116565K, committed 118976K, reserved 1179648K
  class space    used 16611K, committed 17792K, reserved 1048576K
}
Event: 39.829 GC heap before
{Heap before GC invocations=71 (full 0):
 garbage-first heap   total 227328K, used 214107K [0x0000000080000000, 0x0000000100000000)
  region size 1024K, 99 young (101376K), 8 survivors (8192K)
 Metaspace       used 116565K, committed 118976K, reserved 1179648K
  class space    used 16611K, committed 17792K, reserved 1048576K
}
Event: 39.840 GC heap after
{Heap after GC invocations=72 (full 0):
 garbage-first heap   total 227328K, used 121340K [0x0000000080000000, 0x0000000100000000)
  region size 1024K, 8 young (8192K), 8 survivors (8192K)
 Metaspace       used 116565K, committed 118976K, reserved 1179648K
  class space    used 16611K, committed 17792K, reserved 1048576K
}
Event: 40.056 GC heap before
{Heap before GC invocations=72 (full 0):
 garbage-first heap   total 227328K, used 214524K [0x0000000080000000, 0x0000000100000000)
  region size 1024K, 99 young (101376K), 8 survivors (8192K)
 Metaspace       used 116565K, committed 118976K, reserved 1179648K
  class space    used 16611K, committed 17792K, reserved 1048576K
}

