# JRE version: OpenJDK Runtime Environment (21.0.9) (build 21.0.9+-14787801-b1163.94)
# Java VM: OpenJDK 64-Bit Server VM (21.0.9+-14787801-b1163.94, mixed mode, tiered, compressed oops, compressed class ptrs, g1 gc, windows-amd64)
GC Precious Log:
 CardTable entry size: 512
 Card Set container configuration: InlinePtr #cards 5 size 8 Array Of Cards #cards 12 size 40 Howl #buckets 4 coarsen threshold 1843 Howl Bitmap #cards 512 size 80 coarsen threshold 460 Card regions per heap region 1 cards per card region 2048
 CPUs: 8 total, 8 available
 Memory: 7973M
 Large Page Support: Disabled
 NUMA Support: Disabled
 Compressed Oops: Enabled (32-bit)
 Heap Region Size: 1M
 Heap Min Capacity: 8M
 Heap Initial Capacity: 126M
 Heap Max Capacity: 2G
 Pre-touch: Disabled
 Parallel Workers: 8
 Concurrent Workers: 2
 Concurrent Refinement Workers: 8
 Periodic GC: Disabled
Heap:
 garbage-first heap   total 156672K, used 145505K [0x0000000080000000, 0x0000000100000000)
  region size 1024K, 66 young (67584K), 7 survivors (7168K)
 Metaspace       used 88900K, committed 90944K, reserved 1179648K
  class space    used 12456K, committed 13440K, reserved 1048576K
GC Heap History (20 events):
Event: 17.995 GC heap after
{Heap after GC invocations=31 (full 0):
 garbage-first heap   total 106496K, used 50850K [0x0000000080000000, 0x0000000100000000)
  region size 1024K, 3 young (3072K), 3 survivors (3072K)
 Metaspace       used 70778K, committed 72640K, reserved 1114112K
  class space    used 10055K, committed 10944K, reserved 1048576K
}
Event: 18.224 GC heap before
{Heap before GC invocations=32 (full 0):
 garbage-first heap   total 106496K, used 97954K [0x0000000080000000, 0x0000000100000000)
  region size 1024K, 50 young (51200K), 3 survivors (3072K)
 Metaspace       used 70786K, committed 72640K, reserved 1114112K
  class space    used 10055K, committed 10944K, reserved 1048576K
}
Event: 18.228 GC heap after
{Heap after GC invocations=33 (full 0):
 garbage-first heap   total 106496K, used 51505K [0x0000000080000000, 0x0000000100000000)
  region size 1024K, 4 young (4096K), 4 survivors (4096K)
 Metaspace       used 70786K, committed 72640K, reserved 1114112K
  class space    used 10055K, committed 10944K, reserved 1048576K
}
Event: 18.531 GC heap before
{Heap before GC invocations=33 (full 0):
 garbage-first heap   total 106496K, used 98609K [0x0000000080000000, 0x0000000100000000)
  region size 1024K, 51 young (52224K), 4 survivors (4096K)
 Metaspace       used 70815K, committed 72704K, reserved 1114112K
  class space    used 10055K, committed 10944K, reserved 1048576K
}
Event: 18.536 GC heap after
{Heap after GC invocations=34 (full 0):
 garbage-first heap   total 106496K, used 51662K [0x0000000080000000, 0x0000000100000000)
  region size 1024K, 4 young (4096K), 4 survivors (4096K)
 Metaspace       used 70815K, committed 72704K, reserved 1114112K
  class space    used 10055K, committed 10944K, reserved 1048576K
}
Event: 18.828 GC heap before
{Heap before GC invocations=34 (full 0):
 garbage-first heap   total 106496K, used 99790K [0x0000000080000000, 0x0000000100000000)
  region size 1024K, 51 young (52224K), 4 survivors (4096K)
 Metaspace       used 70817K, committed 72704K, reserved 1114112K
  class space    used 10055K, committed 10944K, reserved 1048576K
}
Event: 18.833 GC heap after
{Heap after GC invocations=35 (full 0):
 garbage-first heap   total 106496K, used 52059K [0x0000000080000000, 0x0000000100000000)
  region size 1024K, 4 young (4096K), 4 survivors (4096K)
 Metaspace       used 70817K, committed 72704K, reserved 1114112K
  class space    used 10055K, committed 10944K, reserved 1048576K
}
Event: 19.169 GC heap before
{Heap before GC invocations=36 (full 0):
 garbage-first heap   total 106496K, used 99163K [0x0000000080000000, 0x0000000100000000)
  region size 1024K, 50 young (51200K), 4 survivors (4096K)
 Metaspace       used 70824K, committed 72704K, reserved 1114112K
  class space    used 10055K, committed 10944K, reserved 1048576K
}
Event: 19.175 GC heap after
{Heap after GC invocations=37 (full 0):
 garbage-first heap   total 106496K, used 52804K [0x0000000080000000, 0x0000000100000000)
  region size 1024K, 5 young (5120K), 5 survivors (5120K)
 Metaspace       used 70824K, committed 72704K, reserved 1114112K
  class space    used 10055K, committed 10944K, reserved 1048576K
}
Event: 19.394 GC heap before
{Heap before GC invocations=37 (full 0):
 garbage-first heap   total 106496K, used 98884K [0x0000000080000000, 0x0000000100000000)
  region size 1024K, 50 young (51200K), 5 survivors (5120K)
 Metaspace       used 70826K, committed 72704K, reserved 1114112K
  class space    used 10055K, committed 10944K, reserved 1048576K
}
Event: 19.401 GC heap after
{Heap after GC invocations=38 (full 0):
 garbage-first heap   total 106496K, used 52890K [0x0000000080000000, 0x0000000100000000)
  region size 1024K, 4 young (4096K), 4 survivors (4096K)
 Metaspace       used 70826K, committed 72704K, reserved 1114112K
  class space    used 10055K, committed 10944K, reserved 1048576K
}
Event: 20.108 GC heap before
{Heap before GC invocations=38 (full 0):
 garbage-first heap   total 106496K, used 99994K [0x0000000080000000, 0x0000000100000000)
  region size 1024K, 50 young (51200K), 4 survivors (4096K)
 Metaspace       used 71086K, committed 72960K, reserved 1114112K
  class space    used 10100K, committed 11008K, reserved 1048576K
}
Event: 20.115 GC heap after
{Heap after GC invocations=39 (full 0):
 garbage-first heap   total 136192K, used 53960K [0x0000000080000000, 0x0000000100000000)
  region size 1024K, 5 young (5120K), 5 survivors (5120K)
 Metaspace       used 71086K, committed 72960K, reserved 1114112K
  class space    used 10100K, committed 11008K, reserved 1048576K
}
Event: 29.652 GC heap before
{Heap before GC invocations=40 (full 0):
 garbage-first heap   total 136192K, used 134856K [0x0000000080000000, 0x0000000100000000)
  region size 1024K, 76 young (77824K), 5 survivors (5120K)
 Metaspace       used 75088K, committed 77056K, reserved 1179648K
  class space    used 10589K, committed 11520K, reserved 1048576K
}
Event: 29.670 GC heap after
{Heap after GC invocations=41 (full 0):
 garbage-first heap   total 151552K, used 72435K [0x0000000080000000, 0x0000000100000000)
  region size 1024K, 10 young (10240K), 10 survivors (10240K)
 Metaspace       used 75088K, committed 77056K, reserved 1179648K
  class space    used 10589K, committed 11520K, reserved 1048576K
}
Event: 34.747 GC heap before
{Heap before GC invocations=41 (full 0):
 garbage-first heap   total 151552K, used 138995K [0x0000000080000000, 0x0000000100000000)
  region size 1024K, 73 young (74752K), 10 survivors (10240K)
 Metaspace       used 82060K, committed 84096K, reserved 1179648K
  class space    used 11530K, committed 12480K, reserved 1048576K
}
Event: 34.763 GC heap after
{Heap after GC invocations=42 (full 0):
 garbage-first heap   total 153600K, used 77208K [0x0000000080000000, 0x0000000100000000)
  region size 1024K, 3 young (3072K), 3 survivors (3072K)
 Metaspace       used 82060K, committed 84096K, reserved 1179648K
  class space    used 11530K, committed 12480K, reserved 1048576K
}
Event: 36.363 GC heap before
{Heap before GC invocations=42 (full 0):
 garbage-first heap   total 153600K, used 112024K [0x0000000080000000, 0x0000000100000000)
  region size 1024K, 38 young (38912K), 3 survivors (3072K)
 Metaspace       used 85386K, committed 87360K, reserved 1179648K
  class space    used 11977K, committed 12928K, reserved 1048576K
}
Event: 36.372 GC heap after
{Heap after GC invocations=43 (full 0):
 garbage-first heap   total 153600K, used 79969K [0x0000000080000000, 0x0000000100000000)
  region size 1024K, 6 young (6144K), 6 survivors (6144K)
 Metaspace       used 85386K, committed 87360K, reserved 1179648K
  class space    used 11977K, committed 12928K, reserved 1048576K
}
Event: 39.898 GC heap before
{Heap before GC invocations=44 (full 0):
 garbage-first heap   total 153600K, used 145505K [0x0000000080000000, 0x0000000100000000)
  region size 1024K, 65 young (66560K), 6 survivors (6144K)
 Metaspace       used 88900K, committed 90944K, reserved 1179648K
  class space    used 12456K, committed 13440K, reserved 1048576K
}

