# JRE version: OpenJDK Runtime Environment (21.0.9) (build 21.0.9+-14787801-b1163.94)
# Java VM: OpenJDK 64-Bit Server VM (21.0.9+-14787801-b1163.94, mixed mode, tiered, compressed oops, compressed class ptrs, g1 gc, windows-amd64)
GC Precious Log:
 CardTable entry size: 512
 Card Set container configuration: InlinePtr #cards 5 size 8 Array Of Cards #cards 12 size 40 Howl #buckets 4 coarsen threshold 1843 Howl Bitmap #cards 512 size 80 coarsen threshold 460 Card regions per heap region 1 cards per card region 2048
 CPUs: 8 total, 8 available
 Memory: 7973M
 Large Page Support: Disabled
 NUMA Support: Disabled
 Compressed Oops: Enabled (32-bit)
 Heap Region Size: 1M
 Heap Min Capacity: 8M
 Heap Initial Capacity: 126M
 Heap Max Capacity: 2G
 Pre-touch: Disabled
 Parallel Workers: 8
 Concurrent Workers: 2
 Concurrent Refinement Workers: 8
 Periodic GC: Disabled
Heap:
 garbage-first heap   total 186368K, used 170095K [0x0000000080000000, 0x0000000100000000)
  region size 1024K, 70 young (71680K), 9 survivors (9216K)
 Metaspace       used 92455K, committed 94656K, reserved 1179648K
  class space    used 12976K, committed 14016K, reserved 1048576K
GC Heap History (20 events):
Event: 17.511 GC heap before
{Heap before GC invocations=32 (full 0):
 garbage-first heap   total 132096K, used 123450K [0x0000000080000000, 0x0000000100000000)
  region size 1024K, 46 young (47104K), 3 survivors (3072K)
 Metaspace       used 72632K, committed 74560K, reserved 1114112K
  class space    used 10331K, committed 11264K, reserved 1048576K
}
Event: 17.516 GC heap after
{Heap after GC invocations=33 (full 0):
 garbage-first heap   total 132096K, used 79872K [0x0000000080000000, 0x0000000100000000)
  region size 1024K, 3 young (3072K), 3 survivors (3072K)
 Metaspace       used 72632K, committed 74560K, reserved 1114112K
  class space    used 10331K, committed 11264K, reserved 1048576K
}
Event: 17.933 GC heap before
{Heap before GC invocations=34 (full 0):
 garbage-first heap   total 135168K, used 122880K [0x0000000080000000, 0x0000000100000000)
  region size 1024K, 45 young (46080K), 3 survivors (3072K)
 Metaspace       used 72654K, committed 74560K, reserved 1114112K
  class space    used 10331K, committed 11264K, reserved 1048576K
}
Event: 17.937 GC heap after
{Heap after GC invocations=35 (full 0):
 garbage-first heap   total 135168K, used 80271K [0x0000000080000000, 0x0000000100000000)
  region size 1024K, 3 young (3072K), 3 survivors (3072K)
 Metaspace       used 72654K, committed 74560K, reserved 1114112K
  class space    used 10331K, committed 11264K, reserved 1048576K
}
Event: 18.285 GC heap before
{Heap before GC invocations=35 (full 0):
 garbage-first heap   total 135168K, used 126351K [0x0000000080000000, 0x0000000100000000)
  region size 1024K, 48 young (49152K), 3 survivors (3072K)
 Metaspace       used 72657K, committed 74560K, reserved 1114112K
  class space    used 10331K, committed 11264K, reserved 1048576K
}
Event: 18.291 GC heap after
{Heap after GC invocations=36 (full 0):
 garbage-first heap   total 162816K, used 80205K [0x0000000080000000, 0x0000000100000000)
  region size 1024K, 4 young (4096K), 4 survivors (4096K)
 Metaspace       used 72657K, committed 74560K, reserved 1114112K
  class space    used 10331K, committed 11264K, reserved 1048576K
}
Event: 18.801 GC heap before
{Heap before GC invocations=36 (full 0):
 garbage-first heap   total 162816K, used 151885K [0x0000000080000000, 0x0000000100000000)
  region size 1024K, 75 young (76800K), 4 survivors (4096K)
 Metaspace       used 72657K, committed 74560K, reserved 1114112K
  class space    used 10331K, committed 11264K, reserved 1048576K
}
Event: 18.807 GC heap after
{Heap after GC invocations=37 (full 0):
 garbage-first heap   total 162816K, used 80764K [0x0000000080000000, 0x0000000100000000)
  region size 1024K, 4 young (4096K), 4 survivors (4096K)
 Metaspace       used 72657K, committed 74560K, reserved 1114112K
  class space    used 10331K, committed 11264K, reserved 1048576K
}
Event: 19.468 GC heap before
{Heap before GC invocations=37 (full 0):
 garbage-first heap   total 162816K, used 153468K [0x0000000080000000, 0x0000000100000000)
  region size 1024K, 75 young (76800K), 4 survivors (4096K)
 Metaspace       used 72671K, committed 74560K, reserved 1114112K
  class space    used 10331K, committed 11264K, reserved 1048576K
}
Event: 19.478 GC heap after
{Heap after GC invocations=38 (full 0):
 garbage-first heap   total 162816K, used 81308K [0x0000000080000000, 0x0000000100000000)
  region size 1024K, 5 young (5120K), 5 survivors (5120K)
 Metaspace       used 72671K, committed 74560K, reserved 1114112K
  class space    used 10331K, committed 11264K, reserved 1048576K
}
Event: 20.970 GC heap before
{Heap before GC invocations=38 (full 0):
 garbage-first heap   total 162816K, used 111004K [0x0000000080000000, 0x0000000100000000)
  region size 1024K, 35 young (35840K), 5 survivors (5120K)
 Metaspace       used 72875K, committed 74816K, reserved 1114112K
  class space    used 10367K, committed 11328K, reserved 1048576K
}
Event: 20.976 GC heap after
{Heap after GC invocations=39 (full 0):
 garbage-first heap   total 162816K, used 82410K [0x0000000080000000, 0x0000000100000000)
  region size 1024K, 6 young (6144K), 6 survivors (6144K)
 Metaspace       used 72875K, committed 74816K, reserved 1114112K
  class space    used 10367K, committed 11328K, reserved 1048576K
}
Event: 23.650 GC heap before
{Heap before GC invocations=40 (full 0):
 garbage-first heap   total 162816K, used 161258K [0x0000000080000000, 0x0000000100000000)
  region size 1024K, 75 young (76800K), 6 survivors (6144K)
 Metaspace       used 77648K, committed 79616K, reserved 1179648K
  class space    used 10926K, committed 11904K, reserved 1048576K
}
Event: 23.662 GC heap after
{Heap after GC invocations=41 (full 0):
 garbage-first heap   total 176128K, used 97983K [0x0000000080000000, 0x0000000100000000)
  region size 1024K, 10 young (10240K), 10 survivors (10240K)
 Metaspace       used 77648K, committed 79616K, reserved 1179648K
  class space    used 10926K, committed 11904K, reserved 1048576K
}
Event: 28.434 GC heap before
{Heap before GC invocations=41 (full 0):
 garbage-first heap   total 176128K, used 167615K [0x0000000080000000, 0x0000000100000000)
  region size 1024K, 76 young (77824K), 10 survivors (10240K)
 Metaspace       used 83209K, committed 85312K, reserved 1179648K
  class space    used 11760K, committed 12800K, reserved 1048576K
}
Event: 28.447 GC heap after
{Heap after GC invocations=42 (full 0):
 garbage-first heap   total 182272K, used 102419K [0x0000000080000000, 0x0000000100000000)
  region size 1024K, 3 young (3072K), 3 survivors (3072K)
 Metaspace       used 83209K, committed 85312K, reserved 1179648K
  class space    used 11760K, committed 12800K, reserved 1048576K
}
Event: 29.362 GC heap before
{Heap before GC invocations=42 (full 0):
 garbage-first heap   total 182272K, used 113683K [0x0000000080000000, 0x0000000100000000)
  region size 1024K, 15 young (15360K), 3 survivors (3072K)
 Metaspace       used 84951K, committed 87040K, reserved 1179648K
  class space    used 11963K, committed 12992K, reserved 1048576K
}
Event: 29.368 GC heap after
{Heap after GC invocations=43 (full 0):
 garbage-first heap   total 182272K, used 103916K [0x0000000080000000, 0x0000000100000000)
  region size 1024K, 5 young (5120K), 5 survivors (5120K)
 Metaspace       used 84951K, committed 87040K, reserved 1179648K
  class space    used 11963K, committed 12992K, reserved 1048576K
}
Event: 32.021 GC heap before
{Heap before GC invocations=44 (full 0):
 garbage-first heap   total 183296K, used 175596K [0x0000000080000000, 0x0000000100000000)
  region size 1024K, 70 young (71680K), 5 survivors (5120K)
 Metaspace       used 88734K, committed 90816K, reserved 1179648K
  class space    used 12482K, committed 13504K, reserved 1048576K
}
Event: 32.030 GC heap after
{Heap after GC invocations=45 (full 0):
 garbage-first heap   total 186368K, used 109679K [0x0000000080000000, 0x0000000100000000)
  region size 1024K, 9 young (9216K), 9 survivors (9216K)
 Metaspace       used 88734K, committed 90816K, reserved 1179648K
  class space    used 12482K, committed 13504K, reserved 1048576K
}

